<?xml version="1.0" encoding="UTF-8"?>
<!-- Generated by org.testng.reporters.JUnitReportReporter -->
<testsuite hostname="DESKTOP-A3C766P" failures="0" tests="3" name="practice.Demo1Test" time="0.004" errors="0" timestamp="2023-06-03T19:14:16 IST" skipped="0">
  <testcase classname="practice.Demo1Test" name="hi3" time="0.002"/>
  <system-out/>
  <testcase classname="practice.Demo1Test" name="hi1" time="0.001"/>
  <system-out/>
  <testcase classname="practice.Demo1Test" name="hi2" time="0.001"/>
  <system-out/>
</testsuite> <!-- practice.Demo1Test -->
