<?xml version="1.0" encoding="UTF-8"?>
<!-- Generated by org.testng.reporters.JUnitReportReporter -->
<testsuite hostname="DESKTOP-A3C766P" failures="0" tests="3" name="practice.Sample" time="0.006" errors="0" timestamp="2023-06-03T19:14:16 IST" skipped="0">
  <testcase classname="practice.Sample" name="haki" time="0.001"/>
  <system-out/>
  <testcase classname="practice.Sample" name="koko" time="0.003"/>
  <system-out/>
  <testcase classname="practice.Sample" name="lagori" time="0.002"/>
  <system-out/>
</testsuite> <!-- practice.Sample -->
