<?xml version="1.0" encoding="UTF-8"?>
<!-- Generated by org.testng.reporters.JUnitReportReporter -->
<testsuite hostname="DESKTOP-A3C766P" failures="0" tests="3" name="practice.Animal" time="0.012" errors="0" timestamp="2023-06-03T19:14:16 IST" skipped="0">
  <testcase classname="practice.Animal" name="cat" time="0.009"/>
  <system-out/>
  <testcase classname="practice.Animal" name="snake" time="0.002"/>
  <system-out/>
  <testcase classname="practice.Animal" name="dag" time="0.001"/>
  <system-out/>
</testsuite> <!-- practice.Animal -->
